[debug] [2022-03-11T23:48:59.325Z] ----------------------------------------------------------------------
[debug] [2022-03-11T23:48:59.326Z] Command:       /Users/omergronich/.nvm/versions/node/v16.13.2/bin/node /Users/omergronich/.nvm/versions/node/v16.13.2/bin/firebase emulators:start --only=auth
[debug] [2022-03-11T23:48:59.326Z] CLI Version:   10.2.2
[debug] [2022-03-11T23:48:59.326Z] Platform:      darwin
[debug] [2022-03-11T23:48:59.326Z] Node Version:  v16.13.2
[debug] [2022-03-11T23:48:59.327Z] Time:          Sat Mar 12 2022 01:48:59 GMT+0200 (Israel Standard Time)
[debug] [2022-03-11T23:48:59.327Z] ----------------------------------------------------------------------
[debug] 
[debug] [2022-03-11T23:48:59.359Z] > command requires scopes: ["email","openid","https://www.googleapis.com/auth/cloudplatformprojects.readonly","https://www.googleapis.com/auth/firebase","https://www.googleapis.com/auth/cloud-platform"]
[debug] [2022-03-11T23:48:59.359Z] > authorizing via signed-in user (gronichomer@gmail.com)
[info] i  emulators: Starting emulators: auth {"metadata":{"emulator":{"name":"hub"},"message":"Starting emulators: auth"}}
[debug] [2022-03-11T23:48:59.371Z] [hub] writing locator at /var/folders/lc/k3s77d6d11b7pt0w7bdn81hw0000gn/T/hub-budgetello.json
[debug] [2022-03-11T23:49:02.240Z] Ignoring unsupported arg: auto_download {"metadata":{"emulator":{"name":"ui"},"message":"Ignoring unsupported arg: auto_download"}}
[debug] [2022-03-11T23:49:02.240Z] Ignoring unsupported arg: port {"metadata":{"emulator":{"name":"ui"},"message":"Ignoring unsupported arg: port"}}
[debug] [2022-03-11T23:49:02.240Z] Starting Emulator UI with command {"binary":"node","args":["/Users/omergronich/.cache/firebase/emulators/ui-v1.6.5/server.bundle.js"],"optionalArgs":[],"joinArgs":false} {"metadata":{"emulator":{"name":"ui"},"message":"Starting Emulator UI with command {\"binary\":\"node\",\"args\":[\"/Users/omergronich/.cache/firebase/emulators/ui-v1.6.5/server.bundle.js\"],\"optionalArgs\":[],\"joinArgs\":false}"}}
[info] i  ui: Emulator UI logging to ui-debug.log {"metadata":{"emulator":{"name":"ui"},"message":"Emulator UI logging to \u001b[1mui-debug.log\u001b[22m"}}
[debug] [2022-03-11T23:49:02.303Z] Web / API server started at localhost:4000
 {"metadata":{"emulator":{"name":"ui"},"message":"Web / API server started at localhost:4000\n"}}
[info] 
┌─────────────────────────────────────────────────────────────┐
│ ✔  All emulators ready! It is now safe to connect your app. │
│ i  View Emulator UI at http://localhost:4000                │
└─────────────────────────────────────────────────────────────┘

┌────────────────┬────────────────┬────────────────────────────┐
│ Emulator       │ Host:Port      │ View in Emulator UI        │
├────────────────┼────────────────┼────────────────────────────┤
│ Authentication │ localhost:9099 │ http://localhost:4000/auth │
└────────────────┴────────────────┴────────────────────────────┘
  Emulator Hub running at localhost:4400
  Other reserved ports: 4500

Issues? Report them at https://github.com/firebase/firebase-tools/issues and attach the *-debug.log files.
 
